[16-Dec-2022 00:38:06 UTC] PHP Warning:  Undefined property: WP_Ajax_Upgrader_Skin::$api in C:\Users\Sunchoo\Local Sites\mangarevenger\app\public\wp-admin\includes\class-theme-upgrader.php on line 160
[16-Dec-2022 00:38:09 UTC] PHP Warning:  Undefined array key "action" in C:\Users\Sunchoo\Local Sites\mangarevenger\app\public\wp-content\plugins\essential-addons-for-elementor-lite\includes\Classes\Migration.php on line 48
[19-Dec-2022 11:54:21 UTC] PHP Warning:  Attempt to read property "title" on null in C:\Users\Sunchoo\Local Sites\mangarevenger\app\public\wp-includes\class-wp-customize-widgets.php on line 900
[19-Dec-2022 11:55:58 UTC] PHP Warning:  Undefined property: WP_Ajax_Upgrader_Skin::$api in C:\Users\Sunchoo\Local Sites\mangarevenger\app\public\wp-admin\includes\class-theme-upgrader.php on line 160
[19-Dec-2022 11:56:01 UTC] PHP Warning:  Undefined array key "action" in C:\Users\Sunchoo\Local Sites\mangarevenger\app\public\wp-content\plugins\essential-addons-for-elementor-lite\includes\Classes\Migration.php on line 48
[19-Dec-2022 12:38:46 UTC] Error de evento de reprogramación de cron para el hook: action_scheduler_run_queue. Código de error: could_not_set. Mensaje de error: No se pudo guardar la lista de eventos del cron.. Datos: {"schedule":"every_minute","args":["WP Cron"],"interval":60}
[19-Dec-2022 13:04:49 UTC] Error de evento de reprogramación de cron para el hook: action_scheduler_run_queue. Código de error: could_not_set. Mensaje de error: No se pudo guardar la lista de eventos del cron.. Datos: {"schedule":"every_minute","args":["WP Cron"],"interval":60}
[19-Dec-2022 13:37:36 UTC] Error de evento de reprogramación de cron para el hook: action_scheduler_run_queue. Código de error: could_not_set. Mensaje de error: No se pudo guardar la lista de eventos del cron.. Datos: {"schedule":"every_minute","args":["WP Cron"],"interval":60}
[19-Dec-2022 13:52:08 UTC] PHP Warning:  Undefined array key "data" in C:\Users\Sunchoo\Local Sites\mangarevenger\app\public\wp-content\plugins\elementor\core\common\modules\ajax\module.php on line 171
[19-Dec-2022 20:15:26 UTC] Error de evento de reprogramación de cron para el hook: action_scheduler_run_queue. Código de error: could_not_set. Mensaje de error: No se pudo guardar la lista de eventos del cron.. Datos: {"schedule":"every_minute","args":["WP Cron"],"interval":60}
[19-Dec-2022 20:15:26 UTC] Error de evento de reprogramación de cron para el hook: wp_privacy_delete_old_export_files. Código de error: could_not_set. Mensaje de error: No se pudo guardar la lista de eventos del cron.. Datos: {"schedule":"hourly","args":[],"interval":3600}
[19-Dec-2022 20:15:26 UTC] Error de evento de anulación de programación de cron para el gancho: wp_privacy_delete_old_export_files. Código de error: could_not_set. Mensaje de error: No se pudo guardar la lista de eventos del cron.. Datos: {"schedule":"hourly","args":[],"interval":3600}
[19-Dec-2022 20:45:55 UTC] PHP Warning:  Attempt to read property "ID" on null in C:\Users\Sunchoo\Local Sites\mangarevenger\app\public\wp-content\plugins\essential-blocks\blocks\social-share.php on line 78
[19-Dec-2022 20:45:55 UTC] PHP Warning:  Attempt to read property "ID" on null in C:\Users\Sunchoo\Local Sites\mangarevenger\app\public\wp-content\plugins\essential-blocks\blocks\social-share.php on line 78
[19-Dec-2022 20:45:55 UTC] PHP Warning:  Attempt to read property "ID" on null in C:\Users\Sunchoo\Local Sites\mangarevenger\app\public\wp-content\plugins\essential-blocks\blocks\social-share.php on line 78
[19-Dec-2022 20:45:55 UTC] PHP Warning:  Attempt to read property "ID" on null in C:\Users\Sunchoo\Local Sites\mangarevenger\app\public\wp-content\plugins\essential-blocks\blocks\social-share.php on line 78
[19-Dec-2022 20:45:56 UTC] PHP Warning:  Attempt to read property "ID" on null in C:\Users\Sunchoo\Local Sites\mangarevenger\app\public\wp-content\plugins\essential-blocks\blocks\social-share.php on line 78
[19-Dec-2022 20:45:56 UTC] PHP Warning:  Attempt to read property "ID" on null in C:\Users\Sunchoo\Local Sites\mangarevenger\app\public\wp-content\plugins\essential-blocks\blocks\social-share.php on line 78
[19-Dec-2022 20:45:56 UTC] PHP Warning:  Attempt to read property "ID" on null in C:\Users\Sunchoo\Local Sites\mangarevenger\app\public\wp-content\plugins\essential-blocks\blocks\social-share.php on line 78
[19-Dec-2022 20:45:56 UTC] PHP Warning:  Attempt to read property "ID" on null in C:\Users\Sunchoo\Local Sites\mangarevenger\app\public\wp-content\plugins\essential-blocks\blocks\social-share.php on line 78
[19-Dec-2022 20:46:18 UTC] PHP Warning:  Attempt to read property "ID" on null in C:\Users\Sunchoo\Local Sites\mangarevenger\app\public\wp-content\plugins\essential-blocks\blocks\social-share.php on line 78
[19-Dec-2022 20:46:18 UTC] PHP Warning:  Attempt to read property "ID" on null in C:\Users\Sunchoo\Local Sites\mangarevenger\app\public\wp-content\plugins\essential-blocks\blocks\social-share.php on line 78
[19-Dec-2022 20:46:18 UTC] PHP Warning:  Attempt to read property "ID" on null in C:\Users\Sunchoo\Local Sites\mangarevenger\app\public\wp-content\plugins\essential-blocks\blocks\social-share.php on line 78
[19-Dec-2022 20:46:18 UTC] PHP Warning:  Attempt to read property "ID" on null in C:\Users\Sunchoo\Local Sites\mangarevenger\app\public\wp-content\plugins\essential-blocks\blocks\social-share.php on line 78
[19-Dec-2022 20:46:18 UTC] PHP Warning:  Attempt to read property "ID" on null in C:\Users\Sunchoo\Local Sites\mangarevenger\app\public\wp-content\plugins\essential-blocks\blocks\social-share.php on line 78
[19-Dec-2022 20:46:18 UTC] PHP Warning:  Attempt to read property "ID" on null in C:\Users\Sunchoo\Local Sites\mangarevenger\app\public\wp-content\plugins\essential-blocks\blocks\social-share.php on line 78
[19-Dec-2022 20:46:18 UTC] PHP Warning:  Attempt to read property "ID" on null in C:\Users\Sunchoo\Local Sites\mangarevenger\app\public\wp-content\plugins\essential-blocks\blocks\social-share.php on line 78
[19-Dec-2022 20:46:18 UTC] PHP Warning:  Attempt to read property "ID" on null in C:\Users\Sunchoo\Local Sites\mangarevenger\app\public\wp-content\plugins\essential-blocks\blocks\social-share.php on line 78
[19-Dec-2022 20:47:41 UTC] PHP Warning:  Attempt to read property "ID" on null in C:\Users\Sunchoo\Local Sites\mangarevenger\app\public\wp-content\plugins\essential-blocks\blocks\social-share.php on line 78
[19-Dec-2022 20:47:41 UTC] PHP Warning:  Attempt to read property "ID" on null in C:\Users\Sunchoo\Local Sites\mangarevenger\app\public\wp-content\plugins\essential-blocks\blocks\social-share.php on line 78
[19-Dec-2022 20:47:41 UTC] PHP Warning:  Attempt to read property "ID" on null in C:\Users\Sunchoo\Local Sites\mangarevenger\app\public\wp-content\plugins\essential-blocks\blocks\social-share.php on line 78
[19-Dec-2022 20:47:41 UTC] PHP Warning:  Attempt to read property "ID" on null in C:\Users\Sunchoo\Local Sites\mangarevenger\app\public\wp-content\plugins\essential-blocks\blocks\social-share.php on line 78
[19-Dec-2022 22:41:31 UTC] Error de evento de reprogramación de cron para el hook: action_scheduler_run_queue. Código de error: could_not_set. Mensaje de error: No se pudo guardar la lista de eventos del cron.. Datos: {"schedule":"every_minute","args":["WP Cron"],"interval":60}
[19-Dec-2022 22:47:07 UTC] PHP Warning:  Undefined array key "enabled" in C:\Users\Sunchoo\Local Sites\mangarevenger\app\public\wp-content\plugins\woocommerce-mercadopago\includes\module\mercadopago-settings\class-wc-woomercadopago-mercadopago-settings.php on line 588
[19-Dec-2022 22:47:07 UTC] PHP Warning:  Undefined array key "enabled" in C:\Users\Sunchoo\Local Sites\mangarevenger\app\public\wp-content\plugins\woocommerce-mercadopago\includes\module\mercadopago-settings\class-wc-woomercadopago-mercadopago-settings.php on line 588
[19-Dec-2022 22:47:07 UTC] PHP Warning:  Undefined array key "enabled" in C:\Users\Sunchoo\Local Sites\mangarevenger\app\public\wp-content\plugins\woocommerce-mercadopago\includes\module\mercadopago-settings\class-wc-woomercadopago-mercadopago-settings.php on line 588
[19-Dec-2022 22:47:08 UTC] PHP Warning:  Undefined array key "enabled" in C:\Users\Sunchoo\Local Sites\mangarevenger\app\public\wp-content\plugins\woocommerce-mercadopago\includes\module\mercadopago-settings\class-wc-woomercadopago-mercadopago-settings.php on line 671
[19-Dec-2022 22:47:08 UTC] PHP Warning:  Undefined array key "enabled" in C:\Users\Sunchoo\Local Sites\mangarevenger\app\public\wp-content\plugins\woocommerce-mercadopago\includes\module\mercadopago-settings\class-wc-woomercadopago-mercadopago-settings.php on line 671
[19-Dec-2022 22:47:08 UTC] PHP Warning:  Undefined array key "enabled" in C:\Users\Sunchoo\Local Sites\mangarevenger\app\public\wp-content\plugins\woocommerce-mercadopago\includes\module\mercadopago-settings\class-wc-woomercadopago-mercadopago-settings.php on line 671
[19-Dec-2022 22:47:08 UTC] PHP Warning:  Undefined array key "enabled" in C:\Users\Sunchoo\Local Sites\mangarevenger\app\public\wp-content\plugins\woocommerce-mercadopago\includes\module\mercadopago-settings\class-wc-woomercadopago-mercadopago-settings.php on line 671
[19-Dec-2022 22:56:40 UTC] PHP Warning:  Undefined array key "enabled" in C:\Users\Sunchoo\Local Sites\mangarevenger\app\public\wp-content\plugins\woocommerce-mercadopago\includes\module\mercadopago-settings\class-wc-woomercadopago-mercadopago-settings.php on line 588
[19-Dec-2022 22:56:40 UTC] PHP Warning:  Undefined array key "enabled" in C:\Users\Sunchoo\Local Sites\mangarevenger\app\public\wp-content\plugins\woocommerce-mercadopago\includes\module\mercadopago-settings\class-wc-woomercadopago-mercadopago-settings.php on line 588
[19-Dec-2022 22:56:41 UTC] PHP Warning:  Undefined array key "enabled" in C:\Users\Sunchoo\Local Sites\mangarevenger\app\public\wp-content\plugins\woocommerce-mercadopago\includes\module\mercadopago-settings\class-wc-woomercadopago-mercadopago-settings.php on line 671
[19-Dec-2022 22:56:41 UTC] PHP Warning:  Undefined array key "enabled" in C:\Users\Sunchoo\Local Sites\mangarevenger\app\public\wp-content\plugins\woocommerce-mercadopago\includes\module\mercadopago-settings\class-wc-woomercadopago-mercadopago-settings.php on line 671
[19-Dec-2022 22:56:41 UTC] PHP Warning:  Undefined array key "enabled" in C:\Users\Sunchoo\Local Sites\mangarevenger\app\public\wp-content\plugins\woocommerce-mercadopago\includes\module\mercadopago-settings\class-wc-woomercadopago-mercadopago-settings.php on line 671
[20-Dec-2022 18:56:26 UTC] The Automattic\WooCommerce\Admin\API\Options::get_options function is deprecated since version 3.1.
[20-Dec-2022 18:56:26 UTC] The Automattic\WooCommerce\Admin\API\Options::get_options function is deprecated since version 3.1.
[20-Dec-2022 18:56:26 UTC] The Automattic\WooCommerce\Admin\API\Options::get_options function is deprecated since version 3.1.
[20-Dec-2022 18:56:26 UTC] The Automattic\WooCommerce\Admin\API\Options::get_options function is deprecated since version 3.1.
[20-Dec-2022 18:56:26 UTC] The Automattic\WooCommerce\Admin\API\Options::get_options function is deprecated since version 3.1.
[20-Dec-2022 18:56:26 UTC] The Automattic\WooCommerce\Admin\API\Options::get_options function is deprecated since version 3.1.
[20-Dec-2022 18:57:14 UTC] The Automattic\WooCommerce\Admin\API\Options::get_options function is deprecated since version 3.1.
[20-Dec-2022 18:57:14 UTC] The Automattic\WooCommerce\Admin\API\Options::get_options function is deprecated since version 3.1.
[20-Dec-2022 18:57:14 UTC] The Automattic\WooCommerce\Admin\API\Options::get_options function is deprecated since version 3.1.
[20-Dec-2022 18:57:14 UTC] The Automattic\WooCommerce\Admin\API\Options::get_options function is deprecated since version 3.1.
[20-Dec-2022 18:57:14 UTC] The Automattic\WooCommerce\Admin\API\Options::get_options function is deprecated since version 3.1.
[20-Dec-2022 18:57:14 UTC] The Automattic\WooCommerce\Admin\API\Options::get_options function is deprecated since version 3.1.
[20-Dec-2022 18:58:45 UTC] Payment gateway with handle 'wc-payment-method-bacs' has been deactivated in Cart and Checkout blocks because its dependency 'wc-blocks-registry' is not registered. Read the docs about registering assets for payment methods: https://github.com/woocommerce/woocommerce-blocks/blob/060f63c04f0f34f645200b5d4da9212125c49177/docs/third-party-developers/extensibility/checkout-payment-methods/payment-method-integration.md#registering-assets
[20-Dec-2022 18:58:45 UTC] Payment gateway with handle 'wc-payment-method-bacs' has been deactivated in Cart and Checkout blocks because its dependency 'wc-settings' is not registered. Read the docs about registering assets for payment methods: https://github.com/woocommerce/woocommerce-blocks/blob/060f63c04f0f34f645200b5d4da9212125c49177/docs/third-party-developers/extensibility/checkout-payment-methods/payment-method-integration.md#registering-assets
[20-Dec-2022 19:03:55 UTC] Payment gateway with handle 'wc-payment-method-bacs' has been deactivated in Cart and Checkout blocks because its dependency 'wc-blocks-registry' is not registered. Read the docs about registering assets for payment methods: https://github.com/woocommerce/woocommerce-blocks/blob/060f63c04f0f34f645200b5d4da9212125c49177/docs/third-party-developers/extensibility/checkout-payment-methods/payment-method-integration.md#registering-assets
[20-Dec-2022 19:03:55 UTC] Payment gateway with handle 'wc-payment-method-bacs' has been deactivated in Cart and Checkout blocks because its dependency 'wc-settings' is not registered. Read the docs about registering assets for payment methods: https://github.com/woocommerce/woocommerce-blocks/blob/060f63c04f0f34f645200b5d4da9212125c49177/docs/third-party-developers/extensibility/checkout-payment-methods/payment-method-integration.md#registering-assets
